# JRE version: OpenJDK Runtime Environment Temurin-17.0.9+9 (17.0.9+9) (build 17.0.9+9)
# Java VM: OpenJDK 64-Bit Server VM Temurin-17.0.9+9 (17.0.9+9, mixed mode, emulated-client, tiered, compressed oops, compressed class ptrs, g1 gc, windows-amd64)
GC Precious Log:
 CPUs: 8 total, 8 available
 Memory: 7870M
 Large Page Support: Disabled
 NUMA Support: Disabled
 Compressed Oops: Enabled (32-bit)
 Heap Region Size: 1M
 Heap Min Capacity: 8M
 Heap Initial Capacity: 124M
 Heap Max Capacity: 1G
 Pre-touch: Disabled
 Parallel Workers: 8
 Concurrent Workers: 2
 Concurrent Refinement Workers: 8
 Periodic GC: Disabled
Heap:
 garbage-first heap   total 68608K, used 22088K [0x00000000c0000000, 0x0000000100000000)
  region size 1024K, 1 young (1024K), 0 survivors (0K)
 Metaspace       used 38446K, committed 38976K, reserved 1114112K
  class space    used 5056K, committed 5248K, reserved 1048576K
GC Heap History (20 events):
Event: 226.531 GC heap before
{Heap before GC invocations=22 (full 13):
 garbage-first heap   total 68608K, used 22087K [0x00000000c0000000, 0x0000000100000000)
  region size 1024K, 1 young (1024K), 0 survivors (0K)
 Metaspace       used 38446K, committed 38976K, reserved 1114112K
  class space    used 5056K, committed 5248K, reserved 1048576K
}
Event: 226.580 GC heap after
{Heap after GC invocations=23 (full 14):
 garbage-first heap   total 68608K, used 22087K [0x00000000c0000000, 0x0000000100000000)
  region size 1024K, 0 young (0K), 0 survivors (0K)
 Metaspace       used 38446K, committed 38976K, reserved 1114112K
  class space    used 5056K, committed 5248K, reserved 1048576K
}
Event: 237.653 GC heap before
{Heap before GC invocations=23 (full 14):
 garbage-first heap   total 68608K, used 22087K [0x00000000c0000000, 0x0000000100000000)
  region size 1024K, 1 young (1024K), 0 survivors (0K)
 Metaspace       used 38446K, committed 38976K, reserved 1114112K
  class space    used 5056K, committed 5248K, reserved 1048576K
}
Event: 237.697 GC heap after
{Heap after GC invocations=24 (full 15):
 garbage-first heap   total 68608K, used 22087K [0x00000000c0000000, 0x0000000100000000)
  region size 1024K, 0 young (0K), 0 survivors (0K)
 Metaspace       used 38446K, committed 38976K, reserved 1114112K
  class space    used 5056K, committed 5248K, reserved 1048576K
}
Event: 248.923 GC heap before
{Heap before GC invocations=24 (full 15):
 garbage-first heap   total 68608K, used 22087K [0x00000000c0000000, 0x0000000100000000)
  region size 1024K, 1 young (1024K), 0 survivors (0K)
 Metaspace       used 38446K, committed 38976K, reserved 1114112K
  class space    used 5056K, committed 5248K, reserved 1048576K
}
Event: 248.976 GC heap after
{Heap after GC invocations=25 (full 16):
 garbage-first heap   total 68608K, used 22087K [0x00000000c0000000, 0x0000000100000000)
  region size 1024K, 0 young (0K), 0 survivors (0K)
 Metaspace       used 38446K, committed 38976K, reserved 1114112K
  class space    used 5056K, committed 5248K, reserved 1048576K
}
Event: 260.125 GC heap before
{Heap before GC invocations=25 (full 16):
 garbage-first heap   total 68608K, used 22087K [0x00000000c0000000, 0x0000000100000000)
  region size 1024K, 1 young (1024K), 0 survivors (0K)
 Metaspace       used 38446K, committed 38976K, reserved 1114112K
  class space    used 5056K, committed 5248K, reserved 1048576K
}
Event: 260.163 GC heap after
{Heap after GC invocations=26 (full 17):
 garbage-first heap   total 68608K, used 22088K [0x00000000c0000000, 0x0000000100000000)
  region size 1024K, 0 young (0K), 0 survivors (0K)
 Metaspace       used 38446K, committed 38976K, reserved 1114112K
  class space    used 5056K, committed 5248K, reserved 1048576K
}
Event: 271.454 GC heap before
{Heap before GC invocations=26 (full 17):
 garbage-first heap   total 68608K, used 22088K [0x00000000c0000000, 0x0000000100000000)
  region size 1024K, 1 young (1024K), 0 survivors (0K)
 Metaspace       used 38446K, committed 38976K, reserved 1114112K
  class space    used 5056K, committed 5248K, reserved 1048576K
}
Event: 271.498 GC heap after
{Heap after GC invocations=27 (full 18):
 garbage-first heap   total 68608K, used 22088K [0x00000000c0000000, 0x0000000100000000)
  region size 1024K, 0 young (0K), 0 survivors (0K)
 Metaspace       used 38446K, committed 38976K, reserved 1114112K
  class space    used 5056K, committed 5248K, reserved 1048576K
}
Event: 283.111 GC heap before
{Heap before GC invocations=27 (full 18):
 garbage-first heap   total 68608K, used 22088K [0x00000000c0000000, 0x0000000100000000)
  region size 1024K, 1 young (1024K), 0 survivors (0K)
 Metaspace       used 38446K, committed 38976K, reserved 1114112K
  class space    used 5056K, committed 5248K, reserved 1048576K
}
Event: 283.150 GC heap after
{Heap after GC invocations=28 (full 19):
 garbage-first heap   total 68608K, used 22088K [0x00000000c0000000, 0x0000000100000000)
  region size 1024K, 0 young (0K), 0 survivors (0K)
 Metaspace       used 38446K, committed 38976K, reserved 1114112K
  class space    used 5056K, committed 5248K, reserved 1048576K
}
Event: 293.988 GC heap before
{Heap before GC invocations=28 (full 19):
 garbage-first heap   total 68608K, used 22088K [0x00000000c0000000, 0x0000000100000000)
  region size 1024K, 1 young (1024K), 0 survivors (0K)
 Metaspace       used 38446K, committed 38976K, reserved 1114112K
  class space    used 5056K, committed 5248K, reserved 1048576K
}
Event: 294.010 GC heap after
{Heap after GC invocations=29 (full 20):
 garbage-first heap   total 68608K, used 22088K [0x00000000c0000000, 0x0000000100000000)
  region size 1024K, 0 young (0K), 0 survivors (0K)
 Metaspace       used 38446K, committed 38976K, reserved 1114112K
  class space    used 5056K, committed 5248K, reserved 1048576K
}
Event: 304.860 GC heap before
{Heap before GC invocations=29 (full 20):
 garbage-first heap   total 68608K, used 22088K [0x00000000c0000000, 0x0000000100000000)
  region size 1024K, 1 young (1024K), 0 survivors (0K)
 Metaspace       used 38446K, committed 38976K, reserved 1114112K
  class space    used 5056K, committed 5248K, reserved 1048576K
}
Event: 304.887 GC heap after
{Heap after GC invocations=30 (full 21):
 garbage-first heap   total 68608K, used 22088K [0x00000000c0000000, 0x0000000100000000)
  region size 1024K, 0 young (0K), 0 survivors (0K)
 Metaspace       used 38446K, committed 38976K, reserved 1114112K
  class space    used 5056K, committed 5248K, reserved 1048576K
}
Event: 316.094 GC heap before
{Heap before GC invocations=30 (full 21):
 garbage-first heap   total 68608K, used 22088K [0x00000000c0000000, 0x0000000100000000)
  region size 1024K, 1 young (1024K), 0 survivors (0K)
 Metaspace       used 38446K, committed 38976K, reserved 1114112K
  class space    used 5056K, committed 5248K, reserved 1048576K
}
Event: 316.124 GC heap after
{Heap after GC invocations=31 (full 22):
 garbage-first heap   total 68608K, used 22088K [0x00000000c0000000, 0x0000000100000000)
  region size 1024K, 0 young (0K), 0 survivors (0K)
 Metaspace       used 38446K, committed 38976K, reserved 1114112K
  class space    used 5056K, committed 5248K, reserved 1048576K
}
Event: 327.160 GC heap before
{Heap before GC invocations=31 (full 22):
 garbage-first heap   total 68608K, used 22088K [0x00000000c0000000, 0x0000000100000000)
  region size 1024K, 1 young (1024K), 0 survivors (0K)
 Metaspace       used 38446K, committed 38976K, reserved 1114112K
  class space    used 5056K, committed 5248K, reserved 1048576K
}
Event: 327.203 GC heap after
{Heap after GC invocations=32 (full 23):
 garbage-first heap   total 68608K, used 22088K [0x00000000c0000000, 0x0000000100000000)
  region size 1024K, 0 young (0K), 0 survivors (0K)
 Metaspace       used 38446K, committed 38976K, reserved 1114112K
  class space    used 5056K, committed 5248K, reserved 1048576K
}

