# JRE version: OpenJDK Runtime Environment Temurin-17.0.9+9 (17.0.9+9) (build 17.0.9+9)
# Java VM: OpenJDK 64-Bit Server VM Temurin-17.0.9+9 (17.0.9+9, mixed mode, emulated-client, tiered, compressed oops, compressed class ptrs, g1 gc, windows-amd64)
GC Precious Log:
 CPUs: 8 total, 8 available
 Memory: 7870M
 Large Page Support: Disabled
 NUMA Support: Disabled
 Compressed Oops: Enabled (32-bit)
 Heap Region Size: 1M
 Heap Min Capacity: 8M
 Heap Initial Capacity: 124M
 Heap Max Capacity: 1G
 Pre-touch: Disabled
 Parallel Workers: 8
 Concurrent Workers: 2
 Concurrent Refinement Workers: 8
 Periodic GC: Disabled
Heap:
 garbage-first heap   total 75776K, used 23305K [0x00000000c0000000, 0x0000000100000000)
  region size 1024K, 2 young (2048K), 0 survivors (0K)
 Metaspace       used 38579K, committed 39104K, reserved 1114112K
  class space    used 5079K, committed 5312K, reserved 1048576K
GC Heap History (20 events):
Event: 3009.139 GC heap before
{Heap before GC invocations=91 (full 72):
 garbage-first heap   total 75776K, used 22275K [0x00000000c0000000, 0x0000000100000000)
  region size 1024K, 1 young (1024K), 0 survivors (0K)
 Metaspace       used 38574K, committed 39040K, reserved 1114112K
  class space    used 5077K, committed 5248K, reserved 1048576K
}
Event: 3009.166 GC heap after
{Heap after GC invocations=92 (full 73):
 garbage-first heap   total 75776K, used 22275K [0x00000000c0000000, 0x0000000100000000)
  region size 1024K, 0 young (0K), 0 survivors (0K)
 Metaspace       used 38574K, committed 39040K, reserved 1114112K
  class space    used 5077K, committed 5248K, reserved 1048576K
}
Event: 3022.104 GC heap before
{Heap before GC invocations=92 (full 73):
 garbage-first heap   total 75776K, used 22275K [0x00000000c0000000, 0x0000000100000000)
  region size 1024K, 1 young (1024K), 0 survivors (0K)
 Metaspace       used 38574K, committed 39040K, reserved 1114112K
  class space    used 5077K, committed 5248K, reserved 1048576K
}
Event: 3024.173 GC heap after
{Heap after GC invocations=93 (full 74):
 garbage-first heap   total 75776K, used 22275K [0x00000000c0000000, 0x0000000100000000)
  region size 1024K, 0 young (0K), 0 survivors (0K)
 Metaspace       used 38574K, committed 39040K, reserved 1114112K
  class space    used 5077K, committed 5248K, reserved 1048576K
}
Event: 3034.882 GC heap before
{Heap before GC invocations=93 (full 74):
 garbage-first heap   total 75776K, used 22275K [0x00000000c0000000, 0x0000000100000000)
  region size 1024K, 1 young (1024K), 0 survivors (0K)
 Metaspace       used 38574K, committed 39040K, reserved 1114112K
  class space    used 5077K, committed 5248K, reserved 1048576K
}
Event: 3034.915 GC heap after
{Heap after GC invocations=94 (full 75):
 garbage-first heap   total 75776K, used 22275K [0x00000000c0000000, 0x0000000100000000)
  region size 1024K, 0 young (0K), 0 survivors (0K)
 Metaspace       used 38574K, committed 39040K, reserved 1114112K
  class space    used 5077K, committed 5248K, reserved 1048576K
}
Event: 3075.758 GC heap before
{Heap before GC invocations=94 (full 75):
 garbage-first heap   total 75776K, used 22275K [0x00000000c0000000, 0x0000000100000000)
  region size 1024K, 1 young (1024K), 0 survivors (0K)
 Metaspace       used 38579K, committed 39104K, reserved 1114112K
  class space    used 5079K, committed 5312K, reserved 1048576K
}
Event: 3075.895 GC heap after
{Heap after GC invocations=95 (full 76):
 garbage-first heap   total 75776K, used 22314K [0x00000000c0000000, 0x0000000100000000)
  region size 1024K, 0 young (0K), 0 survivors (0K)
 Metaspace       used 38579K, committed 39104K, reserved 1114112K
  class space    used 5079K, committed 5312K, reserved 1048576K
}
Event: 3086.556 GC heap before
{Heap before GC invocations=95 (full 76):
 garbage-first heap   total 75776K, used 22314K [0x00000000c0000000, 0x0000000100000000)
  region size 1024K, 1 young (1024K), 0 survivors (0K)
 Metaspace       used 38579K, committed 39104K, reserved 1114112K
  class space    used 5079K, committed 5312K, reserved 1048576K
}
Event: 3086.582 GC heap after
{Heap after GC invocations=96 (full 77):
 garbage-first heap   total 75776K, used 22314K [0x00000000c0000000, 0x0000000100000000)
  region size 1024K, 0 young (0K), 0 survivors (0K)
 Metaspace       used 38579K, committed 39104K, reserved 1114112K
  class space    used 5079K, committed 5312K, reserved 1048576K
}
Event: 3127.496 GC heap before
{Heap before GC invocations=96 (full 77):
 garbage-first heap   total 75776K, used 22314K [0x00000000c0000000, 0x0000000100000000)
  region size 1024K, 1 young (1024K), 0 survivors (0K)
 Metaspace       used 38579K, committed 39104K, reserved 1114112K
  class space    used 5079K, committed 5312K, reserved 1048576K
}
Event: 3127.996 GC heap after
{Heap after GC invocations=97 (full 78):
 garbage-first heap   total 75776K, used 22314K [0x00000000c0000000, 0x0000000100000000)
  region size 1024K, 0 young (0K), 0 survivors (0K)
 Metaspace       used 38579K, committed 39104K, reserved 1114112K
  class space    used 5079K, committed 5312K, reserved 1048576K
}
Event: 3139.120 GC heap before
{Heap before GC invocations=97 (full 78):
 garbage-first heap   total 75776K, used 22314K [0x00000000c0000000, 0x0000000100000000)
  region size 1024K, 1 young (1024K), 0 survivors (0K)
 Metaspace       used 38579K, committed 39104K, reserved 1114112K
  class space    used 5079K, committed 5312K, reserved 1048576K
}
Event: 3139.380 GC heap after
{Heap after GC invocations=98 (full 79):
 garbage-first heap   total 75776K, used 22281K [0x00000000c0000000, 0x0000000100000000)
  region size 1024K, 0 young (0K), 0 survivors (0K)
 Metaspace       used 38579K, committed 39104K, reserved 1114112K
  class space    used 5079K, committed 5312K, reserved 1048576K
}
Event: 3150.238 GC heap before
{Heap before GC invocations=98 (full 79):
 garbage-first heap   total 75776K, used 22281K [0x00000000c0000000, 0x0000000100000000)
  region size 1024K, 1 young (1024K), 0 survivors (0K)
 Metaspace       used 38579K, committed 39104K, reserved 1114112K
  class space    used 5079K, committed 5312K, reserved 1048576K
}
Event: 3150.278 GC heap after
{Heap after GC invocations=99 (full 80):
 garbage-first heap   total 75776K, used 22281K [0x00000000c0000000, 0x0000000100000000)
  region size 1024K, 0 young (0K), 0 survivors (0K)
 Metaspace       used 38579K, committed 39104K, reserved 1114112K
  class space    used 5079K, committed 5312K, reserved 1048576K
}
Event: 3161.231 GC heap before
{Heap before GC invocations=99 (full 80):
 garbage-first heap   total 75776K, used 22281K [0x00000000c0000000, 0x0000000100000000)
  region size 1024K, 1 young (1024K), 0 survivors (0K)
 Metaspace       used 38579K, committed 39104K, reserved 1114112K
  class space    used 5079K, committed 5312K, reserved 1048576K
}
Event: 3161.379 GC heap after
{Heap after GC invocations=100 (full 81):
 garbage-first heap   total 75776K, used 22280K [0x00000000c0000000, 0x0000000100000000)
  region size 1024K, 0 young (0K), 0 survivors (0K)
 Metaspace       used 38579K, committed 39104K, reserved 1114112K
  class space    used 5079K, committed 5312K, reserved 1048576K
}
Event: 3172.172 GC heap before
{Heap before GC invocations=100 (full 81):
 garbage-first heap   total 75776K, used 22280K [0x00000000c0000000, 0x0000000100000000)
  region size 1024K, 1 young (1024K), 0 survivors (0K)
 Metaspace       used 38579K, committed 39104K, reserved 1114112K
  class space    used 5079K, committed 5312K, reserved 1048576K
}
Event: 3172.290 GC heap after
{Heap after GC invocations=101 (full 82):
 garbage-first heap   total 75776K, used 22281K [0x00000000c0000000, 0x0000000100000000)
  region size 1024K, 0 young (0K), 0 survivors (0K)
 Metaspace       used 38579K, committed 39104K, reserved 1114112K
  class space    used 5079K, committed 5312K, reserved 1048576K
}

