# JRE version: OpenJDK Runtime Environment Temurin-17.0.9+9 (17.0.9+9) (build 17.0.9+9)
# Java VM: OpenJDK 64-Bit Server VM Temurin-17.0.9+9 (17.0.9+9, mixed mode, emulated-client, tiered, compressed oops, compressed class ptrs, g1 gc, windows-amd64)
GC Precious Log:
 CPUs: 8 total, 8 available
 Memory: 7870M
 Large Page Support: Disabled
 NUMA Support: Disabled
 Compressed Oops: Enabled (32-bit)
 Heap Region Size: 1M
 Heap Min Capacity: 8M
 Heap Initial Capacity: 124M
 Heap Max Capacity: 1G
 Pre-touch: Disabled
 Parallel Workers: 8
 Concurrent Workers: 2
 Concurrent Refinement Workers: 8
 Periodic GC: Disabled
Heap:
 garbage-first heap   total 75776K, used 22234K [0x00000000c0000000, 0x0000000100000000)
  region size 1024K, 1 young (1024K), 0 survivors (0K)
 Metaspace       used 38417K, committed 38976K, reserved 1114112K
  class space    used 5054K, committed 5248K, reserved 1048576K
GC Heap History (20 events):
Event: 4.387 GC heap before
{Heap before GC invocations=8 (full 0):
 garbage-first heap   total 87040K, used 28911K [0x00000000c0000000, 0x0000000100000000)
  region size 1024K, 8 young (8192K), 4 survivors (4096K)
 Metaspace       used 35588K, committed 35968K, reserved 1114112K
  class space    used 4579K, committed 4800K, reserved 1048576K
}
Event: 4.392 GC heap after
{Heap after GC invocations=9 (full 0):
 garbage-first heap   total 87040K, used 26189K [0x00000000c0000000, 0x0000000100000000)
  region size 1024K, 3 young (3072K), 3 survivors (3072K)
 Metaspace       used 35588K, committed 35968K, reserved 1114112K
  class space    used 4579K, committed 4800K, reserved 1048576K
}
Event: 55.433 GC heap before
{Heap before GC invocations=10 (full 0):
 garbage-first heap   total 87040K, used 45645K [0x00000000c0000000, 0x0000000100000000)
  region size 1024K, 23 young (23552K), 3 survivors (3072K)
 Metaspace       used 38569K, committed 38976K, reserved 1114112K
  class space    used 5092K, committed 5248K, reserved 1048576K
}
Event: 56.066 GC heap after
{Heap after GC invocations=11 (full 1):
 garbage-first heap   total 87040K, used 25818K [0x00000000c0000000, 0x0000000100000000)
  region size 1024K, 0 young (0K), 0 survivors (0K)
 Metaspace       used 38569K, committed 38976K, reserved 1114112K
  class space    used 5092K, committed 5248K, reserved 1048576K
}
Event: 66.953 GC heap before
{Heap before GC invocations=11 (full 1):
 garbage-first heap   total 87040K, used 25818K [0x00000000c0000000, 0x0000000100000000)
  region size 1024K, 1 young (1024K), 0 survivors (0K)
 Metaspace       used 38569K, committed 38976K, reserved 1114112K
  class space    used 5092K, committed 5248K, reserved 1048576K
}
Event: 66.989 GC heap after
{Heap after GC invocations=12 (full 2):
 garbage-first heap   total 87040K, used 25815K [0x00000000c0000000, 0x0000000100000000)
  region size 1024K, 0 young (0K), 0 survivors (0K)
 Metaspace       used 38569K, committed 38976K, reserved 1114112K
  class space    used 5092K, committed 5248K, reserved 1048576K
}
Event: 77.813 GC heap before
{Heap before GC invocations=12 (full 2):
 garbage-first heap   total 87040K, used 25815K [0x00000000c0000000, 0x0000000100000000)
  region size 1024K, 1 young (1024K), 0 survivors (0K)
 Metaspace       used 38569K, committed 38976K, reserved 1114112K
  class space    used 5092K, committed 5248K, reserved 1048576K
}
Event: 78.747 GC heap after
{Heap after GC invocations=13 (full 3):
 garbage-first heap   total 75776K, used 22234K [0x00000000c0000000, 0x0000000100000000)
  region size 1024K, 0 young (0K), 0 survivors (0K)
 Metaspace       used 38417K, committed 38976K, reserved 1114112K
  class space    used 5054K, committed 5248K, reserved 1048576K
}
Event: 89.605 GC heap before
{Heap before GC invocations=13 (full 3):
 garbage-first heap   total 75776K, used 22234K [0x00000000c0000000, 0x0000000100000000)
  region size 1024K, 1 young (1024K), 0 survivors (0K)
 Metaspace       used 38417K, committed 38976K, reserved 1114112K
  class space    used 5054K, committed 5248K, reserved 1048576K
}
Event: 89.631 GC heap after
{Heap after GC invocations=14 (full 4):
 garbage-first heap   total 75776K, used 22234K [0x00000000c0000000, 0x0000000100000000)
  region size 1024K, 0 young (0K), 0 survivors (0K)
 Metaspace       used 38417K, committed 38976K, reserved 1114112K
  class space    used 5054K, committed 5248K, reserved 1048576K
}
Event: 131.249 GC heap before
{Heap before GC invocations=14 (full 4):
 garbage-first heap   total 75776K, used 22234K [0x00000000c0000000, 0x0000000100000000)
  region size 1024K, 1 young (1024K), 0 survivors (0K)
 Metaspace       used 38417K, committed 38976K, reserved 1114112K
  class space    used 5054K, committed 5248K, reserved 1048576K
}
Event: 131.905 GC heap after
{Heap after GC invocations=15 (full 5):
 garbage-first heap   total 75776K, used 22234K [0x00000000c0000000, 0x0000000100000000)
  region size 1024K, 0 young (0K), 0 survivors (0K)
 Metaspace       used 38417K, committed 38976K, reserved 1114112K
  class space    used 5054K, committed 5248K, reserved 1048576K
}
Event: 142.705 GC heap before
{Heap before GC invocations=15 (full 5):
 garbage-first heap   total 75776K, used 22234K [0x00000000c0000000, 0x0000000100000000)
  region size 1024K, 1 young (1024K), 0 survivors (0K)
 Metaspace       used 38417K, committed 38976K, reserved 1114112K
  class space    used 5054K, committed 5248K, reserved 1048576K
}
Event: 142.729 GC heap after
{Heap after GC invocations=16 (full 6):
 garbage-first heap   total 75776K, used 22234K [0x00000000c0000000, 0x0000000100000000)
  region size 1024K, 0 young (0K), 0 survivors (0K)
 Metaspace       used 38417K, committed 38976K, reserved 1114112K
  class space    used 5054K, committed 5248K, reserved 1048576K
}
Event: 153.484 GC heap before
{Heap before GC invocations=16 (full 6):
 garbage-first heap   total 75776K, used 22234K [0x00000000c0000000, 0x0000000100000000)
  region size 1024K, 1 young (1024K), 0 survivors (0K)
 Metaspace       used 38417K, committed 38976K, reserved 1114112K
  class space    used 5054K, committed 5248K, reserved 1048576K
}
Event: 153.503 GC heap after
{Heap after GC invocations=17 (full 7):
 garbage-first heap   total 75776K, used 22234K [0x00000000c0000000, 0x0000000100000000)
  region size 1024K, 0 young (0K), 0 survivors (0K)
 Metaspace       used 38417K, committed 38976K, reserved 1114112K
  class space    used 5054K, committed 5248K, reserved 1048576K
}
Event: 164.356 GC heap before
{Heap before GC invocations=17 (full 7):
 garbage-first heap   total 75776K, used 22234K [0x00000000c0000000, 0x0000000100000000)
  region size 1024K, 1 young (1024K), 0 survivors (0K)
 Metaspace       used 38417K, committed 38976K, reserved 1114112K
  class space    used 5054K, committed 5248K, reserved 1048576K
}
Event: 164.402 GC heap after
{Heap after GC invocations=18 (full 8):
 garbage-first heap   total 75776K, used 22234K [0x00000000c0000000, 0x0000000100000000)
  region size 1024K, 0 young (0K), 0 survivors (0K)
 Metaspace       used 38417K, committed 38976K, reserved 1114112K
  class space    used 5054K, committed 5248K, reserved 1048576K
}
Event: 175.424 GC heap before
{Heap before GC invocations=18 (full 8):
 garbage-first heap   total 75776K, used 22234K [0x00000000c0000000, 0x0000000100000000)
  region size 1024K, 1 young (1024K), 0 survivors (0K)
 Metaspace       used 38417K, committed 38976K, reserved 1114112K
  class space    used 5054K, committed 5248K, reserved 1048576K
}
Event: 175.458 GC heap after
{Heap after GC invocations=19 (full 9):
 garbage-first heap   total 75776K, used 22234K [0x00000000c0000000, 0x0000000100000000)
  region size 1024K, 0 young (0K), 0 survivors (0K)
 Metaspace       used 38417K, committed 38976K, reserved 1114112K
  class space    used 5054K, committed 5248K, reserved 1048576K
}

