# JRE version: OpenJDK Runtime Environment Temurin-17.0.9+9 (17.0.9+9) (build 17.0.9+9)
# Java VM: OpenJDK 64-Bit Server VM Temurin-17.0.9+9 (17.0.9+9, mixed mode, emulated-client, tiered, compressed oops, compressed class ptrs, g1 gc, windows-amd64)
GC Precious Log:
 CPUs: 8 total, 8 available
 Memory: 7870M
 Large Page Support: Disabled
 NUMA Support: Disabled
 Compressed Oops: Enabled (32-bit)
 Heap Region Size: 1M
 Heap Min Capacity: 8M
 Heap Initial Capacity: 124M
 Heap Max Capacity: 1G
 Pre-touch: Disabled
 Parallel Workers: 8
 Concurrent Workers: 2
 Concurrent Refinement Workers: 8
 Periodic GC: Disabled
Heap:
 garbage-first heap   total 68608K, used 22084K [0x00000000c0000000, 0x0000000100000000)
  region size 1024K, 1 young (1024K), 0 survivors (0K)
 Metaspace       used 38452K, committed 38976K, reserved 1114112K
  class space    used 5058K, committed 5248K, reserved 1048576K
GC Heap History (20 events):
Event: 226.655 GC heap before
{Heap before GC invocations=22 (full 13):
 garbage-first heap   total 68608K, used 22084K [0x00000000c0000000, 0x0000000100000000)
  region size 1024K, 1 young (1024K), 0 survivors (0K)
 Metaspace       used 38452K, committed 38976K, reserved 1114112K
  class space    used 5058K, committed 5248K, reserved 1048576K
}
Event: 226.686 GC heap after
{Heap after GC invocations=23 (full 14):
 garbage-first heap   total 68608K, used 22084K [0x00000000c0000000, 0x0000000100000000)
  region size 1024K, 0 young (0K), 0 survivors (0K)
 Metaspace       used 38452K, committed 38976K, reserved 1114112K
  class space    used 5058K, committed 5248K, reserved 1048576K
}
Event: 237.777 GC heap before
{Heap before GC invocations=23 (full 14):
 garbage-first heap   total 68608K, used 22084K [0x00000000c0000000, 0x0000000100000000)
  region size 1024K, 1 young (1024K), 0 survivors (0K)
 Metaspace       used 38452K, committed 38976K, reserved 1114112K
  class space    used 5058K, committed 5248K, reserved 1048576K
}
Event: 237.815 GC heap after
{Heap after GC invocations=24 (full 15):
 garbage-first heap   total 68608K, used 22084K [0x00000000c0000000, 0x0000000100000000)
  region size 1024K, 0 young (0K), 0 survivors (0K)
 Metaspace       used 38452K, committed 38976K, reserved 1114112K
  class space    used 5058K, committed 5248K, reserved 1048576K
}
Event: 249.092 GC heap before
{Heap before GC invocations=24 (full 15):
 garbage-first heap   total 68608K, used 22084K [0x00000000c0000000, 0x0000000100000000)
  region size 1024K, 1 young (1024K), 0 survivors (0K)
 Metaspace       used 38452K, committed 38976K, reserved 1114112K
  class space    used 5058K, committed 5248K, reserved 1048576K
}
Event: 249.164 GC heap after
{Heap after GC invocations=25 (full 16):
 garbage-first heap   total 68608K, used 22084K [0x00000000c0000000, 0x0000000100000000)
  region size 1024K, 0 young (0K), 0 survivors (0K)
 Metaspace       used 38452K, committed 38976K, reserved 1114112K
  class space    used 5058K, committed 5248K, reserved 1048576K
}
Event: 260.297 GC heap before
{Heap before GC invocations=25 (full 16):
 garbage-first heap   total 68608K, used 22084K [0x00000000c0000000, 0x0000000100000000)
  region size 1024K, 1 young (1024K), 0 survivors (0K)
 Metaspace       used 38452K, committed 38976K, reserved 1114112K
  class space    used 5058K, committed 5248K, reserved 1048576K
}
Event: 260.338 GC heap after
{Heap after GC invocations=26 (full 17):
 garbage-first heap   total 68608K, used 22084K [0x00000000c0000000, 0x0000000100000000)
  region size 1024K, 0 young (0K), 0 survivors (0K)
 Metaspace       used 38452K, committed 38976K, reserved 1114112K
  class space    used 5058K, committed 5248K, reserved 1048576K
}
Event: 271.548 GC heap before
{Heap before GC invocations=26 (full 17):
 garbage-first heap   total 68608K, used 22084K [0x00000000c0000000, 0x0000000100000000)
  region size 1024K, 1 young (1024K), 0 survivors (0K)
 Metaspace       used 38452K, committed 38976K, reserved 1114112K
  class space    used 5058K, committed 5248K, reserved 1048576K
}
Event: 271.583 GC heap after
{Heap after GC invocations=27 (full 18):
 garbage-first heap   total 68608K, used 22084K [0x00000000c0000000, 0x0000000100000000)
  region size 1024K, 0 young (0K), 0 survivors (0K)
 Metaspace       used 38452K, committed 38976K, reserved 1114112K
  class space    used 5058K, committed 5248K, reserved 1048576K
}
Event: 283.235 GC heap before
{Heap before GC invocations=27 (full 18):
 garbage-first heap   total 68608K, used 22084K [0x00000000c0000000, 0x0000000100000000)
  region size 1024K, 1 young (1024K), 0 survivors (0K)
 Metaspace       used 38452K, committed 38976K, reserved 1114112K
  class space    used 5058K, committed 5248K, reserved 1048576K
}
Event: 283.271 GC heap after
{Heap after GC invocations=28 (full 19):
 garbage-first heap   total 68608K, used 22084K [0x00000000c0000000, 0x0000000100000000)
  region size 1024K, 0 young (0K), 0 survivors (0K)
 Metaspace       used 38452K, committed 38976K, reserved 1114112K
  class space    used 5058K, committed 5248K, reserved 1048576K
}
Event: 294.112 GC heap before
{Heap before GC invocations=28 (full 19):
 garbage-first heap   total 68608K, used 22084K [0x00000000c0000000, 0x0000000100000000)
  region size 1024K, 1 young (1024K), 0 survivors (0K)
 Metaspace       used 38452K, committed 38976K, reserved 1114112K
  class space    used 5058K, committed 5248K, reserved 1048576K
}
Event: 294.133 GC heap after
{Heap after GC invocations=29 (full 20):
 garbage-first heap   total 68608K, used 22084K [0x00000000c0000000, 0x0000000100000000)
  region size 1024K, 0 young (0K), 0 survivors (0K)
 Metaspace       used 38452K, committed 38976K, reserved 1114112K
  class space    used 5058K, committed 5248K, reserved 1048576K
}
Event: 304.983 GC heap before
{Heap before GC invocations=29 (full 20):
 garbage-first heap   total 68608K, used 22084K [0x00000000c0000000, 0x0000000100000000)
  region size 1024K, 1 young (1024K), 0 survivors (0K)
 Metaspace       used 38452K, committed 38976K, reserved 1114112K
  class space    used 5058K, committed 5248K, reserved 1048576K
}
Event: 305.003 GC heap after
{Heap after GC invocations=30 (full 21):
 garbage-first heap   total 68608K, used 22084K [0x00000000c0000000, 0x0000000100000000)
  region size 1024K, 0 young (0K), 0 survivors (0K)
 Metaspace       used 38452K, committed 38976K, reserved 1114112K
  class space    used 5058K, committed 5248K, reserved 1048576K
}
Event: 316.156 GC heap before
{Heap before GC invocations=30 (full 21):
 garbage-first heap   total 68608K, used 22084K [0x00000000c0000000, 0x0000000100000000)
  region size 1024K, 1 young (1024K), 0 survivors (0K)
 Metaspace       used 38452K, committed 38976K, reserved 1114112K
  class space    used 5058K, committed 5248K, reserved 1048576K
}
Event: 316.179 GC heap after
{Heap after GC invocations=31 (full 22):
 garbage-first heap   total 68608K, used 22084K [0x00000000c0000000, 0x0000000100000000)
  region size 1024K, 0 young (0K), 0 survivors (0K)
 Metaspace       used 38452K, committed 38976K, reserved 1114112K
  class space    used 5058K, committed 5248K, reserved 1048576K
}
Event: 327.206 GC heap before
{Heap before GC invocations=31 (full 22):
 garbage-first heap   total 68608K, used 22084K [0x00000000c0000000, 0x0000000100000000)
  region size 1024K, 1 young (1024K), 0 survivors (0K)
 Metaspace       used 38452K, committed 38976K, reserved 1114112K
  class space    used 5058K, committed 5248K, reserved 1048576K
}
Event: 327.240 GC heap after
{Heap after GC invocations=32 (full 23):
 garbage-first heap   total 68608K, used 22084K [0x00000000c0000000, 0x0000000100000000)
  region size 1024K, 0 young (0K), 0 survivors (0K)
 Metaspace       used 38452K, committed 38976K, reserved 1114112K
  class space    used 5058K, committed 5248K, reserved 1048576K
}

